This is pdfTeX, Version 3.141592653-2.6-1.40.24 (TeX Live 2022) (preloaded format=pdflatex 2022.10.8)  8 OCT 2022 23:53
entering extended mode
 restricted \write18 enabled.
 %&-line parsing enabled.
**Assn-03-Stats.tex
(./Assn-03-Stats.tex
LaTeX2e <2022-06-01> patch level 5
L3 programming layer <2022-09-28> (c:/Users/SRINU/AppData/Roaming/TinyTeX/texmf-dist/tex/latex/base/article.cls
Document Class: article 2021/10/04 v1.4n Standard LaTeX document class
(c:/Users/SRINU/AppData/Roaming/TinyTeX/texmf-dist/tex/latex/base/size10.clo
File: size10.clo 2021/10/04 v1.4n Standard LaTeX file (size option)
)
\c@part=\count185
\c@section=\count186
\c@subsection=\count187
\c@subsubsection=\count188
\c@paragraph=\count189
\c@subparagraph=\count190
\c@figure=\count191
\c@table=\count192
\abovecaptionskip=\skip47
\belowcaptionskip=\skip48
\bibindent=\dimen138
) (c:/Users/SRINU/AppData/Roaming/TinyTeX/texmf-dist/tex/latex/amsmath/amsmath.sty
Package: amsmath 2022/04/08 v2.17n AMS math features
\@mathmargin=\skip49
For additional information on amsmath, use the `?' option.
(c:/Users/SRINU/AppData/Roaming/TinyTeX/texmf-dist/tex/latex/amsmath/amstext.sty
Package: amstext 2021/08/26 v2.01 AMS text
(c:/Users/SRINU/AppData/Roaming/TinyTeX/texmf-dist/tex/latex/amsmath/amsgen.sty
File: amsgen.sty 1999/11/30 v2.0 generic functions
\@emptytoks=\toks16
\ex@=\dimen139
)) (c:/Users/SRINU/AppData/Roaming/TinyTeX/texmf-dist/tex/latex/amsmath/amsbsy.sty
Package: amsbsy 1999/11/29 v1.2d Bold Symbols
\pmbraise@=\dimen140
) (c:/Users/SRINU/AppData/Roaming/TinyTeX/texmf-dist/tex/latex/amsmath/amsopn.sty
Package: amsopn 2022/04/08 v2.04 operator names
)
\inf@bad=\count193
LaTeX Info: Redefining \frac on input line 234.
\uproot@=\count194
\leftroot@=\count195
LaTeX Info: Redefining \overline on input line 399.
LaTeX Info: Redefining \colon on input line 410.
\classnum@=\count196
\DOTSCASE@=\count197
LaTeX Info: Redefining \ldots on input line 496.
LaTeX Info: Redefining \dots on input line 499.
LaTeX Info: Redefining \cdots on input line 620.
\Mathstrutbox@=\box51
\strutbox@=\box52
LaTeX Info: Redefining \big on input line 722.
LaTeX Info: Redefining \Big on input line 723.
LaTeX Info: Redefining \bigg on input line 724.
LaTeX Info: Redefining \Bigg on input line 725.
\big@size=\dimen141
LaTeX Font Info:    Redeclaring font encoding OML on input line 743.
LaTeX Font Info:    Redeclaring font encoding OMS on input line 744.
\macc@depth=\count198
LaTeX Info: Redefining \bmod on input line 905.
LaTeX Info: Redefining \pmod on input line 910.
LaTeX Info: Redefining \smash on input line 940.
LaTeX Info: Redefining \relbar on input line 970.
LaTeX Info: Redefining \Relbar on input line 971.
\c@MaxMatrixCols=\count199
\dotsspace@=\muskip16
\c@parentequation=\count266
\dspbrk@lvl=\count267
\tag@help=\toks17
\row@=\count268
\column@=\count269
\maxfields@=\count270
\andhelp@=\toks18
\eqnshift@=\dimen142
\alignsep@=\dimen143
\tagshift@=\dimen144
\tagwidth@=\dimen145
\totwidth@=\dimen146
\lineht@=\dimen147
\@envbody=\toks19
\multlinegap=\skip50
\multlinetaggap=\skip51
\mathdisplay@stack=\toks20
LaTeX Info: Redefining \[ on input line 2953.
LaTeX Info: Redefining \] on input line 2954.
) (c:/Users/SRINU/AppData/Roaming/TinyTeX/texmf-dist/tex/latex/amsfonts/amssymb.sty
Package: amssymb 2013/01/14 v3.01 AMS font symbols
(c:/Users/SRINU/AppData/Roaming/TinyTeX/texmf-dist/tex/latex/amsfonts/amsfonts.sty
Package: amsfonts 2013/01/14 v3.01 Basic AMSFonts support
\symAMSa=\mathgroup4
\symAMSb=\mathgroup5
LaTeX Font Info:    Redeclaring math symbol \hbar on input line 98.
LaTeX Font Info:    Overwriting math alphabet `\mathfrak' in version `bold'
(Font)                  U/euf/m/n --> U/euf/b/n on input line 106.
)) (c:/Users/SRINU/AppData/Roaming/TinyTeX/texmf-dist/tex/latex/lm/lmodern.sty
Package: lmodern 2015/05/01 v1.6.1 Latin Modern Fonts
LaTeX Font Info:    Overwriting symbol font `operators' in version `normal'
(Font)                  OT1/cmr/m/n --> OT1/lmr/m/n on input line 22.
LaTeX Font Info:    Overwriting symbol font `letters' in version `normal'
(Font)                  OML/cmm/m/it --> OML/lmm/m/it on input line 23.
LaTeX Font Info:    Overwriting symbol font `symbols' in version `normal'
(Font)                  OMS/cmsy/m/n --> OMS/lmsy/m/n on input line 24.
LaTeX Font Info:    Overwriting symbol font `largesymbols' in version `normal'
(Font)                  OMX/cmex/m/n --> OMX/lmex/m/n on input line 25.
LaTeX Font Info:    Overwriting symbol font `operators' in version `bold'
(Font)                  OT1/cmr/bx/n --> OT1/lmr/bx/n on input line 26.
LaTeX Font Info:    Overwriting symbol font `letters' in version `bold'
(Font)                  OML/cmm/b/it --> OML/lmm/b/it on input line 27.
LaTeX Font Info:    Overwriting symbol font `symbols' in version `bold'
(Font)                  OMS/cmsy/b/n --> OMS/lmsy/b/n on input line 28.
LaTeX Font Info:    Overwriting symbol font `largesymbols' in version `bold'
(Font)                  OMX/cmex/m/n --> OMX/lmex/m/n on input line 29.
LaTeX Font Info:    Overwriting math alphabet `\mathbf' in version `normal'
(Font)                  OT1/cmr/bx/n --> OT1/lmr/bx/n on input line 31.
LaTeX Font Info:    Overwriting math alphabet `\mathsf' in version `normal'
(Font)                  OT1/cmss/m/n --> OT1/lmss/m/n on input line 32.
LaTeX Font Info:    Overwriting math alphabet `\mathit' in version `normal'
(Font)                  OT1/cmr/m/it --> OT1/lmr/m/it on input line 33.
LaTeX Font Info:    Overwriting math alphabet `\mathtt' in version `normal'
(Font)                  OT1/cmtt/m/n --> OT1/lmtt/m/n on input line 34.
LaTeX Font Info:    Overwriting math alphabet `\mathbf' in version `bold'
(Font)                  OT1/cmr/bx/n --> OT1/lmr/bx/n on input line 35.
LaTeX Font Info:    Overwriting math alphabet `\mathsf' in version `bold'
(Font)                  OT1/cmss/bx/n --> OT1/lmss/bx/n on input line 36.
LaTeX Font Info:    Overwriting math alphabet `\mathit' in version `bold'
(Font)                  OT1/cmr/bx/it --> OT1/lmr/bx/it on input line 37.
LaTeX Font Info:    Overwriting math alphabet `\mathtt' in version `bold'
(Font)                  OT1/cmtt/m/n --> OT1/lmtt/m/n on input line 38.
) (c:/Users/SRINU/AppData/Roaming/TinyTeX/texmf-dist/tex/generic/iftex/iftex.sty
Package: iftex 2022/02/03 v1.0f TeX engine tests
) (c:/Users/SRINU/AppData/Roaming/TinyTeX/texmf-dist/tex/latex/base/fontenc.sty
Package: fontenc 2021/04/29 v2.0v Standard LaTeX package
LaTeX Font Info:    Trying to load font information for T1+lmr on input line 112.
(c:/Users/SRINU/AppData/Roaming/TinyTeX/texmf-dist/tex/latex/lm/t1lmr.fd
File: t1lmr.fd 2015/05/01 v1.6.1 Font defs for Latin Modern
)) (c:/Users/SRINU/AppData/Roaming/TinyTeX/texmf-dist/tex/latex/base/inputenc.sty
Package: inputenc 2021/02/14 v1.3d Input encoding file
\inpenc@prehook=\toks21
\inpenc@posthook=\toks22
) (c:/Users/SRINU/AppData/Roaming/TinyTeX/texmf-dist/tex/latex/base/textcomp.sty
Package: textcomp 2020/02/02 v2.0n Standard LaTeX package
) (c:/Users/SRINU/AppData/Roaming/TinyTeX/texmf-dist/tex/latex/xcolor/xcolor.sty
Package: xcolor 2022/06/12 v2.14 LaTeX color extensions (UK)
(c:/Users/SRINU/AppData/Roaming/TinyTeX/texmf-dist/tex/latex/graphics-cfg/color.cfg
File: color.cfg 2016/01/02 v1.6 sample color configuration
)
Package xcolor Info: Driver file: pdftex.def on input line 227.
(c:/Users/SRINU/AppData/Roaming/TinyTeX/texmf-dist/tex/latex/graphics-def/pdftex.def
File: pdftex.def 2022/09/22 v1.2b Graphics/color driver for pdftex
\stockwidth=\dimen148
\stockheight=\dimen149
) (c:/Users/SRINU/AppData/Roaming/TinyTeX/texmf-dist/tex/latex/graphics/mathcolor.ltx)
Package xcolor Info: Model `cmy' substituted by `cmy0' on input line 1353.
Package xcolor Info: Model `hsb' substituted by `rgb' on input line 1357.
Package xcolor Info: Model `RGB' extended on input line 1369.
Package xcolor Info: Model `HTML' substituted by `rgb' on input line 1371.
Package xcolor Info: Model `Hsb' substituted by `hsb' on input line 1372.
Package xcolor Info: Model `tHsb' substituted by `hsb' on input line 1373.
Package xcolor Info: Model `HSB' substituted by `hsb' on input line 1374.
Package xcolor Info: Model `Gray' substituted by `gray' on input line 1375.
Package xcolor Info: Model `wave' substituted by `hsb' on input line 1376.
) (c:/Users/SRINU/AppData/Roaming/TinyTeX/texmf-dist/tex/latex/geometry/geometry.sty
Package: geometry 2020/01/02 v5.9 Page Geometry
(c:/Users/SRINU/AppData/Roaming/TinyTeX/texmf-dist/tex/latex/graphics/keyval.sty
Package: keyval 2022/05/29 v1.15 key=value parser (DPC)
\KV@toks@=\toks23
) (c:/Users/SRINU/AppData/Roaming/TinyTeX/texmf-dist/tex/generic/iftex/ifvtex.sty
Package: ifvtex 2019/10/25 v1.7 ifvtex legacy package. Use iftex instead.
)
\Gm@cnth=\count271
\Gm@cntv=\count272
\c@Gm@tempcnt=\count273
\Gm@bindingoffset=\dimen150
\Gm@wd@mp=\dimen151
\Gm@odd@mp=\dimen152
\Gm@even@mp=\dimen153
\Gm@layoutwidth=\dimen154
\Gm@layoutheight=\dimen155
\Gm@layouthoffset=\dimen156
\Gm@layoutvoffset=\dimen157
\Gm@dimlist=\toks24
) (c:/Users/SRINU/AppData/Roaming/TinyTeX/texmf-dist/tex/latex/fancyvrb/fancyvrb.sty
Package: fancyvrb 2022/06/06 4.5 verbatim text (tvz,hv)
\FV@CodeLineNo=\count274
\FV@InFile=\read2
\FV@TabBox=\box53
\c@FancyVerbLine=\count275
\FV@StepNumber=\count276
\FV@OutFile=\write3
) (c:/Users/SRINU/AppData/Roaming/TinyTeX/texmf-dist/tex/latex/framed/framed.sty
Package: framed 2011/10/22 v 0.96: framed or shaded text with page breaks
\OuterFrameSep=\skip52
\fb@frw=\dimen158
\fb@frh=\dimen159
\FrameRule=\dimen160
\FrameSep=\dimen161
) (c:/Users/SRINU/AppData/Roaming/TinyTeX/texmf-dist/tex/latex/graphics/graphicx.sty
Package: graphicx 2021/09/16 v1.2d Enhanced LaTeX Graphics (DPC,SPQR)
(c:/Users/SRINU/AppData/Roaming/TinyTeX/texmf-dist/tex/latex/graphics/graphics.sty
Package: graphics 2022/03/10 v1.4e Standard LaTeX Graphics (DPC,SPQR)
(c:/Users/SRINU/AppData/Roaming/TinyTeX/texmf-dist/tex/latex/graphics/trig.sty
Package: trig 2021/08/11 v1.11 sin cos tan (DPC)
) (c:/Users/SRINU/AppData/Roaming/TinyTeX/texmf-dist/tex/latex/graphics-cfg/graphics.cfg
File: graphics.cfg 2016/06/04 v1.11 sample graphics configuration
)
Package graphics Info: Driver file: pdftex.def on input line 107.
)
\Gin@req@height=\dimen162
\Gin@req@width=\dimen163
) (c:/Users/SRINU/AppData/Roaming/TinyTeX/texmf-dist/tex/latex/hyperref/hyperref.sty
Package: hyperref 2022-09-22 v7.00t Hypertext links for LaTeX
(c:/Users/SRINU/AppData/Roaming/TinyTeX/texmf-dist/tex/generic/ltxcmds/ltxcmds.sty
Package: ltxcmds 2020-05-10 v1.25 LaTeX kernel commands for general use (HO)
) (c:/Users/SRINU/AppData/Roaming/TinyTeX/texmf-dist/tex/generic/pdftexcmds/pdftexcmds.sty
Package: pdftexcmds 2020-06-27 v0.33 Utility functions of pdfTeX for LuaTeX (HO)
(c:/Users/SRINU/AppData/Roaming/TinyTeX/texmf-dist/tex/generic/infwarerr/infwarerr.sty
Package: infwarerr 2019/12/03 v1.5 Providing info/warning/error messages (HO)
)
Package pdftexcmds Info: \pdf@primitive is available.
Package pdftexcmds Info: \pdf@ifprimitive is available.
Package pdftexcmds Info: \pdfdraftmode found.
) (c:/Users/SRINU/AppData/Roaming/TinyTeX/texmf-dist/tex/latex/kvsetkeys/kvsetkeys.sty
Package: kvsetkeys 2022-10-05 v1.19 Key value parser (HO)
) (c:/Users/SRINU/AppData/Roaming/TinyTeX/texmf-dist/tex/generic/kvdefinekeys/kvdefinekeys.sty
Package: kvdefinekeys 2019-12-19 v1.6 Define keys (HO)
) (c:/Users/SRINU/AppData/Roaming/TinyTeX/texmf-dist/tex/generic/pdfescape/pdfescape.sty
Package: pdfescape 2019/12/09 v1.15 Implements pdfTeX's escape features (HO)
) (c:/Users/SRINU/AppData/Roaming/TinyTeX/texmf-dist/tex/latex/hycolor/hycolor.sty
Package: hycolor 2020-01-27 v1.10 Color options for hyperref/bookmark (HO)
) (c:/Users/SRINU/AppData/Roaming/TinyTeX/texmf-dist/tex/latex/letltxmacro/letltxmacro.sty
Package: letltxmacro 2019/12/03 v1.6 Let assignment for LaTeX macros (HO)
) (c:/Users/SRINU/AppData/Roaming/TinyTeX/texmf-dist/tex/latex/auxhook/auxhook.sty
Package: auxhook 2019-12-17 v1.6 Hooks for auxiliary files (HO)
) (c:/Users/SRINU/AppData/Roaming/TinyTeX/texmf-dist/tex/latex/hyperref/nameref.sty
Package: nameref 2022-05-17 v2.50 Cross-referencing by name of section
(c:/Users/SRINU/AppData/Roaming/TinyTeX/texmf-dist/tex/latex/refcount/refcount.sty
Package: refcount 2019/12/15 v3.6 Data extraction from label references (HO)
) (c:/Users/SRINU/AppData/Roaming/TinyTeX/texmf-dist/tex/generic/gettitlestring/gettitlestring.sty
Package: gettitlestring 2019/12/15 v1.6 Cleanup title references (HO)
(c:/Users/SRINU/AppData/Roaming/TinyTeX/texmf-dist/tex/latex/kvoptions/kvoptions.sty
Package: kvoptions 2022-06-15 v3.15 Key value format for package options (HO)
))
\c@section@level=\count277
)
\@linkdim=\dimen164
\Hy@linkcounter=\count278
\Hy@pagecounter=\count279
(c:/Users/SRINU/AppData/Roaming/TinyTeX/texmf-dist/tex/latex/hyperref/pd1enc.def
File: pd1enc.def 2022-09-22 v7.00t Hyperref: PDFDocEncoding definition (HO)
Now handling font encoding PD1 ...
... no UTF-8 mapping file for font encoding PD1
) (c:/Users/SRINU/AppData/Roaming/TinyTeX/texmf-dist/tex/generic/intcalc/intcalc.sty
Package: intcalc 2019/12/15 v1.3 Expandable calculations with integers (HO)
) (c:/Users/SRINU/AppData/Roaming/TinyTeX/texmf-dist/tex/generic/etexcmds/etexcmds.sty
Package: etexcmds 2019/12/15 v1.7 Avoid name clashes with e-TeX commands (HO)
)
\Hy@SavedSpaceFactor=\count280
(c:/Users/SRINU/AppData/Roaming/TinyTeX/texmf-dist/tex/latex/hyperref/puenc.def
File: puenc.def 2022-09-22 v7.00t Hyperref: PDF Unicode definition (HO)
Now handling font encoding PU ...
... no UTF-8 mapping file for font encoding PU
)
Package hyperref Info: Option `unicode' set `true' on input line 4045.
Package hyperref Info: Hyper figures OFF on input line 4162.
Package hyperref Info: Link nesting OFF on input line 4167.
Package hyperref Info: Hyper index ON on input line 4170.
Package hyperref Info: Plain pages OFF on input line 4177.
Package hyperref Info: Backreferencing OFF on input line 4182.
Package hyperref Info: Implicit mode ON; LaTeX internals redefined.
Package hyperref Info: Bookmarks ON on input line 4410.
\c@Hy@tempcnt=\count281
(c:/Users/SRINU/AppData/Roaming/TinyTeX/texmf-dist/tex/latex/url/url.sty
\Urlmuskip=\muskip17
Package: url 2013/09/16  ver 3.4  Verb mode for urls, etc.
)
LaTeX Info: Redefining \url on input line 4748.
\XeTeXLinkMargin=\dimen165
(c:/Users/SRINU/AppData/Roaming/TinyTeX/texmf-dist/tex/generic/bitset/bitset.sty
Package: bitset 2019/12/09 v1.3 Handle bit-vector datatype (HO)
(c:/Users/SRINU/AppData/Roaming/TinyTeX/texmf-dist/tex/generic/bigintcalc/bigintcalc.sty
Package: bigintcalc 2019/12/15 v1.5 Expandable calculations on big integers (HO)
))
\Fld@menulength=\count282
\Field@Width=\dimen166
\Fld@charsize=\dimen167
Package hyperref Info: Hyper figures OFF on input line 6027.
Package hyperref Info: Link nesting OFF on input line 6032.
Package hyperref Info: Hyper index ON on input line 6035.
Package hyperref Info: backreferencing OFF on input line 6042.
Package hyperref Info: Link coloring OFF on input line 6047.
Package hyperref Info: Link coloring with OCG OFF on input line 6052.
Package hyperref Info: PDF/A mode OFF on input line 6057.
(c:/Users/SRINU/AppData/Roaming/TinyTeX/texmf-dist/tex/latex/base/atbegshi-ltx.sty
Package: atbegshi-ltx 2021/01/10 v1.0c Emulation of the original atbegshi
package with kernel methods
)
\Hy@abspage=\count283
\c@Item=\count284
\c@Hfootnote=\count285
)
Package hyperref Info: Driver (autodetected): hpdftex.
(c:/Users/SRINU/AppData/Roaming/TinyTeX/texmf-dist/tex/latex/hyperref/hpdftex.def
File: hpdftex.def 2022-09-22 v7.00t Hyperref driver for pdfTeX
(c:/Users/SRINU/AppData/Roaming/TinyTeX/texmf-dist/tex/latex/base/atveryend-ltx.sty
Package: atveryend-ltx 2020/08/19 v1.0a Emulation of the original atveryend package
with kernel methods
)
\Fld@listcount=\count286
\c@bookmark@seq@number=\count287
(c:/Users/SRINU/AppData/Roaming/TinyTeX/texmf-dist/tex/latex/rerunfilecheck/rerunfilecheck.sty
Package: rerunfilecheck 2022-07-10 v1.10 Rerun checks for auxiliary files (HO)
(c:/Users/SRINU/AppData/Roaming/TinyTeX/texmf-dist/tex/generic/uniquecounter/uniquecounter.sty
Package: uniquecounter 2019/12/15 v1.4 Provide unlimited unique counter (HO)
)
Package uniquecounter Info: New unique counter `rerunfilecheck' on input line 285.
)
\Hy@SectionHShift=\skip53
) (c:/Users/SRINU/AppData/Roaming/TinyTeX/texmf-dist/tex/latex/l3backend/l3backend-pdftex.def
File: l3backend-pdftex.def 2022-09-28 L3 backend support: PDF output (pdfTeX)
\l__color_backend_stack_int=\count288
\l__pdf_internal_box=\box54
)
No file Assn-03-Stats.aux.
\openout1 = `Assn-03-Stats.aux'.

LaTeX Font Info:    Checking defaults for OML/cmm/m/it on input line 110.
LaTeX Font Info:    ... okay on input line 110.
LaTeX Font Info:    Checking defaults for OMS/cmsy/m/n on input line 110.
LaTeX Font Info:    ... okay on input line 110.
LaTeX Font Info:    Checking defaults for OT1/cmr/m/n on input line 110.
LaTeX Font Info:    ... okay on input line 110.
LaTeX Font Info:    Checking defaults for T1/cmr/m/n on input line 110.
LaTeX Font Info:    ... okay on input line 110.
LaTeX Font Info:    Checking defaults for TS1/cmr/m/n on input line 110.
LaTeX Font Info:    ... okay on input line 110.
LaTeX Font Info:    Checking defaults for OMX/cmex/m/n on input line 110.
LaTeX Font Info:    ... okay on input line 110.
LaTeX Font Info:    Checking defaults for U/cmr/m/n on input line 110.
LaTeX Font Info:    ... okay on input line 110.
LaTeX Font Info:    Checking defaults for PD1/pdf/m/n on input line 110.
LaTeX Font Info:    ... okay on input line 110.
LaTeX Font Info:    Checking defaults for PU/pdf/m/n on input line 110.
LaTeX Font Info:    ... okay on input line 110.
(c:/Users/SRINU/AppData/Roaming/TinyTeX/texmf-dist/tex/latex/epstopdf-pkg/epstopdf-base.sty
Package: epstopdf-base 2020-01-24 v2.11 Base part for package epstopdf
Package epstopdf-base Info: Redefining graphics rule for `.eps' on input line 485.
(c:/Users/SRINU/AppData/Roaming/TinyTeX/texmf-dist/tex/latex/latexconfig/epstopdf-sys.cfg
File: epstopdf-sys.cfg 2010/07/13 v1.3 Configuration of (r)epstopdf for TeX Live
))
*geometry* driver: auto-detecting
*geometry* detected driver: pdftex
*geometry* verbose mode - [ preamble ] result:
* driver: pdftex
* paper: <default>
* layout: <same size as paper>
* layoutoffset:(h,v)=(0.0pt,0.0pt)
* modes: 
* h-part:(L,W,R)=(72.26999pt, 469.75502pt, 72.26999pt)
* v-part:(T,H,B)=(72.26999pt, 650.43001pt, 72.26999pt)
* \paperwidth=614.295pt
* \paperheight=794.96999pt
* \textwidth=469.75502pt
* \textheight=650.43001pt
* \oddsidemargin=0.0pt
* \evensidemargin=0.0pt
* \topmargin=-37.0pt
* \headheight=12.0pt
* \headsep=25.0pt
* \topskip=10.0pt
* \footskip=30.0pt
* \marginparwidth=65.0pt
* \marginparsep=11.0pt
* \columnsep=10.0pt
* \skip\footins=9.0pt plus 4.0pt minus 2.0pt
* \hoffset=0.0pt
* \voffset=0.0pt
* \mag=1000
* \@twocolumnfalse
* \@twosidefalse
* \@mparswitchfalse
* \@reversemarginfalse
* (1in=72.27pt=25.4mm, 1cm=28.453pt)

Package hyperref Info: Link coloring OFF on input line 110.
\@outlinefile=\write4
\openout4 = `Assn-03-Stats.out'.

LaTeX Font Info:    Trying to load font information for OT1+lmr on input line 112.
(c:/Users/SRINU/AppData/Roaming/TinyTeX/texmf-dist/tex/latex/lm/ot1lmr.fd
File: ot1lmr.fd 2015/05/01 v1.6.1 Font defs for Latin Modern
)
LaTeX Font Info:    Trying to load font information for OML+lmm on input line 112.
(c:/Users/SRINU/AppData/Roaming/TinyTeX/texmf-dist/tex/latex/lm/omllmm.fd
File: omllmm.fd 2015/05/01 v1.6.1 Font defs for Latin Modern
)
LaTeX Font Info:    Trying to load font information for OMS+lmsy on input line 112.
(c:/Users/SRINU/AppData/Roaming/TinyTeX/texmf-dist/tex/latex/lm/omslmsy.fd
File: omslmsy.fd 2015/05/01 v1.6.1 Font defs for Latin Modern
)
LaTeX Font Info:    Trying to load font information for OMX+lmex on input line 112.
(c:/Users/SRINU/AppData/Roaming/TinyTeX/texmf-dist/tex/latex/lm/omxlmex.fd
File: omxlmex.fd 2015/05/01 v1.6.1 Font defs for Latin Modern
)
LaTeX Font Info:    External font `lmex10' loaded for size
(Font)              <12> on input line 112.
LaTeX Font Info:    External font `lmex10' loaded for size
(Font)              <8> on input line 112.
LaTeX Font Info:    External font `lmex10' loaded for size
(Font)              <6> on input line 112.
LaTeX Font Info:    Trying to load font information for U+msa on input line 112.
(c:/Users/SRINU/AppData/Roaming/TinyTeX/texmf-dist/tex/latex/amsfonts/umsa.fd
File: umsa.fd 2013/01/14 v3.01 AMS symbols A
)
LaTeX Font Info:    Trying to load font information for U+msb on input line 112.
(c:/Users/SRINU/AppData/Roaming/TinyTeX/texmf-dist/tex/latex/amsfonts/umsb.fd
File: umsb.fd 2013/01/14 v3.01 AMS symbols B
)
LaTeX Font Info:    Trying to load font information for T1+lmtt on input line 120.
(c:/Users/SRINU/AppData/Roaming/TinyTeX/texmf-dist/tex/latex/lm/t1lmtt.fd
File: t1lmtt.fd 2015/05/01 v1.6.1 Font defs for Latin Modern
)
<Assn-03-Stats_files/figure-latex/unnamed-chunk-1-1.pdf, id=4, 469.755pt x 325.215pt>
File: Assn-03-Stats_files/figure-latex/unnamed-chunk-1-1.pdf Graphic file (type pdf)
<use Assn-03-Stats_files/figure-latex/unnamed-chunk-1-1.pdf>
Package pdftex.def Info: Assn-03-Stats_files/figure-latex/unnamed-chunk-1-1.pdf  used on input line 129.
(pdftex.def)             Requested size: 469.75386pt x 325.2142pt.
[1

{c:/Users/SRINU/AppData/Roaming/TinyTeX/texmf-var/fonts/map/pdftex/updmap/pdftex.map} <./Assn-03-Stats_files/figure-latex/unnamed-chunk-1-1.pdf>]
<Assn-03-Stats_files/figure-latex/unnamed-chunk-2-1.pdf, id=19, 469.755pt x 325.215pt>
File: Assn-03-Stats_files/figure-latex/unnamed-chunk-2-1.pdf Graphic file (type pdf)
<use Assn-03-Stats_files/figure-latex/unnamed-chunk-2-1.pdf>
Package pdftex.def Info: Assn-03-Stats_files/figure-latex/unnamed-chunk-2-1.pdf  used on input line 173.
(pdftex.def)             Requested size: 469.75386pt x 325.2142pt.
[2 <./Assn-03-Stats_files/figure-latex/unnamed-chunk-2-1.pdf>]
<Assn-03-Stats_files/figure-latex/unnamed-chunk-2-2.pdf, id=30, 469.755pt x 325.215pt>
File: Assn-03-Stats_files/figure-latex/unnamed-chunk-2-2.pdf Graphic file (type pdf)
<use Assn-03-Stats_files/figure-latex/unnamed-chunk-2-2.pdf>
Package pdftex.def Info: Assn-03-Stats_files/figure-latex/unnamed-chunk-2-2.pdf  used on input line 181.
(pdftex.def)             Requested size: 469.75386pt x 325.2142pt.
LaTeX Font Info:    Trying to load font information for TS1+lmtt on input line 185.
(c:/Users/SRINU/AppData/Roaming/TinyTeX/texmf-dist/tex/latex/lm/ts1lmtt.fd
File: ts1lmtt.fd 2015/05/01 v1.6.1 Font defs for Latin Modern
)
<Assn-03-Stats_files/figure-latex/unnamed-chunk-2-3.pdf, id=31, 469.755pt x 325.215pt>
File: Assn-03-Stats_files/figure-latex/unnamed-chunk-2-3.pdf Graphic file (type pdf)
<use Assn-03-Stats_files/figure-latex/unnamed-chunk-2-3.pdf>
Package pdftex.def Info: Assn-03-Stats_files/figure-latex/unnamed-chunk-2-3.pdf  used on input line 211.
(pdftex.def)             Requested size: 469.75386pt x 325.2142pt.
[3 <./Assn-03-Stats_files/figure-latex/unnamed-chunk-2-2.pdf>] [4 <./Assn-03-Stats_files/figure-latex/unnamed-chunk-2-3.pdf>]
<Assn-03-Stats_files/figure-latex/unnamed-chunk-4-1.pdf, id=53, 469.755pt x 325.215pt>
File: Assn-03-Stats_files/figure-latex/unnamed-chunk-4-1.pdf Graphic file (type pdf)
<use Assn-03-Stats_files/figure-latex/unnamed-chunk-4-1.pdf>
Package pdftex.def Info: Assn-03-Stats_files/figure-latex/unnamed-chunk-4-1.pdf  used on input line 290.
(pdftex.def)             Requested size: 469.75386pt x 325.2142pt.
[5]
<Assn-03-Stats_files/figure-latex/unnamed-chunk-5-1.pdf, id=58, 469.755pt x 325.215pt>
File: Assn-03-Stats_files/figure-latex/unnamed-chunk-5-1.pdf Graphic file (type pdf)
<use Assn-03-Stats_files/figure-latex/unnamed-chunk-5-1.pdf>
Package pdftex.def Info: Assn-03-Stats_files/figure-latex/unnamed-chunk-5-1.pdf  used on input line 323.
(pdftex.def)             Requested size: 469.75386pt x 325.2142pt.
[6 <./Assn-03-Stats_files/figure-latex/unnamed-chunk-4-1.pdf>]
<Assn-03-Stats_files/figure-latex/unnamed-chunk-5-2.pdf, id=68, 469.755pt x 325.215pt>
File: Assn-03-Stats_files/figure-latex/unnamed-chunk-5-2.pdf Graphic file (type pdf)
<use Assn-03-Stats_files/figure-latex/unnamed-chunk-5-2.pdf>
Package pdftex.def Info: Assn-03-Stats_files/figure-latex/unnamed-chunk-5-2.pdf  used on input line 331.
(pdftex.def)             Requested size: 469.75386pt x 325.2142pt.
<Assn-03-Stats_files/figure-latex/unnamed-chunk-5-3.pdf, id=69, 469.755pt x 325.215pt>
File: Assn-03-Stats_files/figure-latex/unnamed-chunk-5-3.pdf Graphic file (type pdf)
<use Assn-03-Stats_files/figure-latex/unnamed-chunk-5-3.pdf>
Package pdftex.def Info: Assn-03-Stats_files/figure-latex/unnamed-chunk-5-3.pdf  used on input line 332.
(pdftex.def)             Requested size: 469.75386pt x 325.2142pt.

Underfull \hbox (badness 10000) in paragraph at lines 331--333
[][]
 []

[7 <./Assn-03-Stats_files/figure-latex/unnamed-chunk-5-1.pdf>] [8 <./Assn-03-Stats_files/figure-latex/unnamed-chunk-5-2.pdf>] [9 <./Assn-03-Stats_files/figure-latex/unnamed-chunk-5-3.pdf>] [10] [11] [12]
<Assn-03-Stats_files/figure-latex/unnamed-chunk-9-1.pdf, id=111, 469.755pt x 325.215pt>
File: Assn-03-Stats_files/figure-latex/unnamed-chunk-9-1.pdf Graphic file (type pdf)
<use Assn-03-Stats_files/figure-latex/unnamed-chunk-9-1.pdf>
Package pdftex.def Info: Assn-03-Stats_files/figure-latex/unnamed-chunk-9-1.pdf  used on input line 599.
(pdftex.def)             Requested size: 469.75386pt x 325.2142pt.
[13 <./Assn-03-Stats_files/figure-latex/unnamed-chunk-9-1.pdf>]
<Assn-03-Stats_files/figure-latex/unnamed-chunk-11-1.pdf, id=122, 469.755pt x 325.215pt>
File: Assn-03-Stats_files/figure-latex/unnamed-chunk-11-1.pdf Graphic file (type pdf)
<use Assn-03-Stats_files/figure-latex/unnamed-chunk-11-1.pdf>
Package pdftex.def Info: Assn-03-Stats_files/figure-latex/unnamed-chunk-11-1.pdf  used on input line 679.
(pdftex.def)             Requested size: 469.75386pt x 325.2142pt.
[14]
<Assn-03-Stats_files/figure-latex/unnamed-chunk-12-1.pdf, id=127, 469.755pt x 325.215pt>
File: Assn-03-Stats_files/figure-latex/unnamed-chunk-12-1.pdf Graphic file (type pdf)
<use Assn-03-Stats_files/figure-latex/unnamed-chunk-12-1.pdf>
Package pdftex.def Info: Assn-03-Stats_files/figure-latex/unnamed-chunk-12-1.pdf  used on input line 694.
(pdftex.def)             Requested size: 469.75386pt x 325.2142pt.
[15 <./Assn-03-Stats_files/figure-latex/unnamed-chunk-11-1.pdf>]
<Assn-03-Stats_files/figure-latex/unnamed-chunk-12-2.pdf, id=137, 469.755pt x 325.215pt>
File: Assn-03-Stats_files/figure-latex/unnamed-chunk-12-2.pdf Graphic file (type pdf)
<use Assn-03-Stats_files/figure-latex/unnamed-chunk-12-2.pdf>
Package pdftex.def Info: Assn-03-Stats_files/figure-latex/unnamed-chunk-12-2.pdf  used on input line 702.
(pdftex.def)             Requested size: 469.75386pt x 325.2142pt.
[16 <./Assn-03-Stats_files/figure-latex/unnamed-chunk-12-1.pdf>]
<Assn-03-Stats_files/figure-latex/unnamed-chunk-12-3.pdf, id=147, 469.755pt x 325.215pt>
File: Assn-03-Stats_files/figure-latex/unnamed-chunk-12-3.pdf Graphic file (type pdf)
<use Assn-03-Stats_files/figure-latex/unnamed-chunk-12-3.pdf>
Package pdftex.def Info: Assn-03-Stats_files/figure-latex/unnamed-chunk-12-3.pdf  used on input line 710.
(pdftex.def)             Requested size: 469.75386pt x 325.2142pt.
[17 <./Assn-03-Stats_files/figure-latex/unnamed-chunk-12-2.pdf>]
<Assn-03-Stats_files/figure-latex/unnamed-chunk-12-4.pdf, id=158, 469.755pt x 325.215pt>
File: Assn-03-Stats_files/figure-latex/unnamed-chunk-12-4.pdf Graphic file (type pdf)
<use Assn-03-Stats_files/figure-latex/unnamed-chunk-12-4.pdf>
Package pdftex.def Info: Assn-03-Stats_files/figure-latex/unnamed-chunk-12-4.pdf  used on input line 718.
(pdftex.def)             Requested size: 469.75386pt x 325.2142pt.
[18 <./Assn-03-Stats_files/figure-latex/unnamed-chunk-12-3.pdf>]
<Assn-03-Stats_files/figure-latex/unnamed-chunk-12-5.pdf, id=168, 469.755pt x 325.215pt>
File: Assn-03-Stats_files/figure-latex/unnamed-chunk-12-5.pdf Graphic file (type pdf)
<use Assn-03-Stats_files/figure-latex/unnamed-chunk-12-5.pdf>
Package pdftex.def Info: Assn-03-Stats_files/figure-latex/unnamed-chunk-12-5.pdf  used on input line 727.
(pdftex.def)             Requested size: 469.75386pt x 325.2142pt.

Underfull \hbox (badness 10000) in paragraph at lines 727--729
[][]
 []

[19 <./Assn-03-Stats_files/figure-latex/unnamed-chunk-12-4.pdf>]
Overfull \hbox (13.19138pt too wide) in paragraph at lines 773--775
[]\T1/lmr/m/n/10 Ho: Lin-ear Model fits the Data(Y=b0+b1X1+b2X2) Ha: There is lack of fit in the model(Y<>b0+b1X1+b2X2) 
 []

[20 <./Assn-03-Stats_files/figure-latex/unnamed-chunk-12-5.pdf>] [21]
<Assn-03-Stats_files/figure-latex/unnamed-chunk-16-1.pdf, id=193, 469.755pt x 325.215pt>
File: Assn-03-Stats_files/figure-latex/unnamed-chunk-16-1.pdf Graphic file (type pdf)
<use Assn-03-Stats_files/figure-latex/unnamed-chunk-16-1.pdf>
Package pdftex.def Info: Assn-03-Stats_files/figure-latex/unnamed-chunk-16-1.pdf  used on input line 911.
(pdftex.def)             Requested size: 469.75386pt x 325.2142pt.
[22] [23 <./Assn-03-Stats_files/figure-latex/unnamed-chunk-16-1.pdf>]
<Assn-03-Stats_files/figure-latex/unnamed-chunk-18-1.pdf, id=208, 469.755pt x 325.215pt>
File: Assn-03-Stats_files/figure-latex/unnamed-chunk-18-1.pdf Graphic file (type pdf)
<use Assn-03-Stats_files/figure-latex/unnamed-chunk-18-1.pdf>
Package pdftex.def Info: Assn-03-Stats_files/figure-latex/unnamed-chunk-18-1.pdf  used on input line 999.
(pdftex.def)             Requested size: 469.75386pt x 325.2142pt.

Underfull \hbox (badness 10000) in paragraph at lines 999--1001
[][]
 []

[24]
<Assn-03-Stats_files/figure-latex/unnamed-chunk-19-1.pdf, id=213, 469.755pt x 325.215pt>
File: Assn-03-Stats_files/figure-latex/unnamed-chunk-19-1.pdf Graphic file (type pdf)
<use Assn-03-Stats_files/figure-latex/unnamed-chunk-19-1.pdf>
Package pdftex.def Info: Assn-03-Stats_files/figure-latex/unnamed-chunk-19-1.pdf  used on input line 1018.
(pdftex.def)             Requested size: 469.75386pt x 325.2142pt.
[25 <./Assn-03-Stats_files/figure-latex/unnamed-chunk-18-1.pdf>]
<Assn-03-Stats_files/figure-latex/unnamed-chunk-19-2.pdf, id=224, 469.755pt x 325.215pt>
File: Assn-03-Stats_files/figure-latex/unnamed-chunk-19-2.pdf Graphic file (type pdf)
<use Assn-03-Stats_files/figure-latex/unnamed-chunk-19-2.pdf>
Package pdftex.def Info: Assn-03-Stats_files/figure-latex/unnamed-chunk-19-2.pdf  used on input line 1032.
(pdftex.def)             Requested size: 469.75386pt x 325.2142pt.
[26 <./Assn-03-Stats_files/figure-latex/unnamed-chunk-19-1.pdf>] [27 <./Assn-03-Stats_files/figure-latex/unnamed-chunk-19-2.pdf>] [28] [29] [30] [31] [32] [33]

! LaTeX Error: Unicode character − (U+2212)
               not set up for use with LaTeX.

See the LaTeX manual or LaTeX Companion for explanation.
Type  H <return>  for immediate help.
 ...                                              
                                                  
l.1596 ...{\#SSR X1/X2= = SSR(X1, X2) − SSR(X2)}
                                                   
Here is how much of TeX's memory you used:
 11153 strings out of 477031
 181418 string characters out of 5826633
 526963 words of memory out of 5000000
 32088 multiletter control sequences out of 15000+600000
 495729 words of font info for 51 fonts, out of 8000000 for 9000
 14 hyphenation exceptions out of 8191
 72i,6n,77p,463b,576s stack positions out of 10000i,1000n,20000p,200000b,200000s

!  ==> Fatal error occurred, no output PDF file produced!
